SF:lib\src\core.dart
DA:16,2
DA:27,2
DA:32,1
DA:39,0
DA:44,2
DA:46,6
DA:48,2
DA:59,10
DA:67,2
DA:68,2
DA:70,2
DA:76,2
DA:77,2
DA:79,2
DA:83,2
DA:84,2
DA:87,4
DA:88,2
DA:91,4
DA:98,3
DA:108,2
DA:109,2
DA:111,3
DA:113,2
DA:120,0
DA:124,0
DA:126,0
DA:131,0
DA:135,0
DA:141,2
DA:142,3
DA:144,2
DA:146,2
DA:147,2
DA:148,2
DA:149,2
DA:150,4
DA:151,1
DA:152,2
DA:153,1
DA:154,2
DA:155,1
DA:156,3
DA:161,2
DA:162,4
DA:164,1
DA:165,1
DA:175,0
DA:176,0
DA:178,0
DA:188,0
DA:189,0
DA:190,0
DA:199,0
DA:200,0
DA:202,0
DA:204,0
DA:205,0
DA:212,0
DA:213,0
DA:215,0
DA:218,0
DA:219,0
DA:221,0
DA:222,0
DA:224,0
DA:226,0
DA:228,0
DA:230,0
DA:231,0
DA:236,1
DA:238,3
DA:241,2
DA:242,1
DA:243,0
DA:250,0
DA:251,0
DA:253,0
DA:261,0
DA:262,0
DA:264,0
DA:268,0
DA:271,0
DA:273,0
DA:278,0
DA:280,0
DA:284,0
DA:285,0
LF:88
LH:45
end_of_record
SF:lib\src\watcher.dart
DA:15,0
DA:20,0
DA:21,0
DA:23,0
DA:26,0
DA:29,0
DA:30,0
DA:44,0
DA:51,2
DA:53,0
DA:55,1
DA:56,3
DA:59,3
DA:60,2
DA:64,0
DA:67,0
DA:69,0
DA:71,0
DA:72,0
DA:75,0
DA:77,0
DA:79,0
LF:22
LH:5
end_of_record
SF:lib\src\config_db.dart
DA:8,2
LF:1
LH:1
end_of_record
SF:lib\src\converter.dart
DA:3,0
DA:8,0
DA:9,0
LF:3
LH:0
end_of_record
SF:lib\src\custom_converters.dart
DA:7,1
DA:9,1
DA:10,2
DA:12,1
DA:13,2
LF:5
LH:5
end_of_record
SF:lib\src\operation.dart
DA:7,0
DA:10,0
DA:14,0
DA:19,0
DA:20,0
DA:23,0
LF:6
LH:0
end_of_record
SF:lib\src\utils\core_check.dart
DA:12,2
DA:16,2
DA:17,4
DA:18,4
DA:19,4
DA:29,2
DA:33,4
DA:34,2
DA:40,1
DA:42,4
DA:43,0
DA:44,0
DA:45,0
DA:46,0
DA:47,0
DA:55,2
DA:56,2
DA:58,2
DA:64,2
DA:68,4
DA:69,2
DA:71,2
DA:73,1
DA:76,0
DA:78,0
DA:79,0
DA:82,0
DA:87,0
DA:88,0
DA:99,2
DA:103,1
DA:105,2
DA:106,1
DA:107,1
DA:109,1
DA:114,5
DA:115,0
DA:119,0
DA:120,0
DA:128,2
DA:131,8
DA:133,8
DA:134,0
DA:135,0
DA:140,0
DA:141,0
DA:151,2
DA:152,2
DA:157,4
DA:161,2
DA:163,2
LF:51
LH:33
end_of_record
SF:lib\src\extensions\data_type_ext.dart
DA:7,1
DA:9,1
DA:11,1
DA:13,1
DA:15,1
DA:17,0
DA:26,2
DA:28,0
DA:29,0
DA:32,2
DA:33,1
DA:34,2
DA:35,2
DA:36,1
DA:37,1
DA:38,1
DA:39,1
DA:40,1
DA:41,1
LF:19
LH:16
end_of_record
