SF:lib\src\core.dart
DA:125,4
DA:130,4
DA:134,12
DA:167,3
DA:172,2
DA:179,4
DA:197,4
DA:199,4
DA:206,15
DA:219,3
DA:220,3
DA:222,2
DA:230,3
DA:231,3
DA:233,2
DA:237,3
DA:238,3
DA:241,6
DA:242,6
DA:245,6
DA:252,5
DA:270,4
DA:271,4
DA:273,4
DA:275,3
DA:298,3
DA:299,3
DA:305,2
DA:308,3
DA:310,2
DA:316,3
DA:317,6
DA:318,3
DA:319,3
DA:320,3
DA:321,6
DA:322,3
DA:323,6
DA:324,3
DA:325,6
DA:326,3
DA:327,6
DA:328,3
DA:329,9
DA:334,12
DA:342,4
DA:343,4
DA:345,4
DA:346,9
DA:357,3
DA:358,3
DA:361,4
DA:362,4
DA:371,3
DA:372,3
DA:374,4
DA:376,2
DA:377,6
DA:386,2
DA:387,2
DA:389,3
DA:395,2
DA:396,6
DA:399,0
DA:401,4
DA:403,5
DA:404,2
DA:405,1
DA:414,0
DA:417,0
DA:422,0
DA:427,0
DA:428,0
DA:435,4
DA:440,1
DA:442,1
DA:445,0
DA:452,0
DA:454,0
DA:457,4
DA:460,8
DA:461,4
DA:462,0
DA:466,0
DA:467,0
DA:469,0
DA:470,0
DA:472,0
DA:474,0
DA:476,0
DA:478,0
DA:479,0
LF:92
LH:73
end_of_record
SF:lib\src\card.dart
DA:70,0
DA:71,0
DA:72,0
DA:73,0
LF:4
LH:0
end_of_record
SF:lib\src\config.dart
DA:9,5
DA:30,3
DA:32,12
LF:3
LH:3
end_of_record
SF:lib\src\converter.dart
DA:24,0
DA:30,0
DA:31,0
DA:41,0
DA:53,0
DA:55,0
DA:60,0
DA:74,1
DA:75,1
DA:77,1
DA:78,1
DA:109,1
DA:110,1
DA:117,1
DA:118,1
DA:125,6
DA:127,4
DA:128,4
DA:130,4
DA:131,4
DA:138,1
DA:142,1
DA:143,2
DA:145,1
DA:146,1
DA:153,1
DA:157,1
DA:158,2
DA:160,1
DA:161,1
DA:168,6
DA:170,1
DA:171,1
DA:173,1
DA:174,1
DA:181,6
DA:183,4
DA:184,4
DA:186,4
DA:187,4
DA:199,6
DA:201,1
DA:202,1
DA:204,1
DA:205,1
DA:212,6
DA:214,1
DA:215,1
DA:217,1
DA:218,1
DA:225,6
DA:227,1
DA:230,1
DA:231,1
DA:238,6
DA:240,1
DA:241,1
DA:243,1
DA:244,1
DA:254,1
DA:262,1
DA:264,3
DA:266,1
DA:268,3
DA:278,1
DA:286,1
DA:288,3
DA:290,1
DA:291,3
DA:302,1
DA:310,1
DA:312,1
DA:313,2
DA:314,1
DA:315,3
DA:320,1
DA:322,3
LF:77
LH:70
end_of_record
SF:lib\src\mixin\crud_simulation.dart
DA:9,2
DA:14,1
DA:18,2
DA:21,1
DA:22,1
DA:25,2
LF:6
LH:6
end_of_record
SF:lib\src\mixin\watcher_impl.dart
DA:33,1
DA:39,1
DA:42,2
DA:45,2
DA:46,1
DA:96,1
DA:103,1
DA:104,1
DA:108,1
DA:111,4
DA:112,1
DA:114,2
DA:115,1
DA:116,1
DA:117,2
DA:121,2
DA:122,1
DA:137,1
DA:139,1
DA:141,1
DA:144,1
DA:146,3
DA:147,3
DA:148,1
DA:149,4
DA:152,0
DA:157,0
DA:159,0
DA:162,1
LF:29
LH:26
end_of_record
SF:lib\src\extensions\enum_ext.dart
DA:11,1
DA:12,2
DA:13,2
DA:16,0
DA:17,0
DA:21,1
DA:22,1
DA:23,1
DA:25,1
DA:26,0
DA:27,0
DA:31,2
DA:32,1
LF:13
LH:9
end_of_record
SF:lib\src\utils\core_check.dart
DA:11,1
DA:13,0
DA:14,0
DA:27,5
DA:29,10
DA:30,15
DA:31,10
DA:32,15
DA:44,5
DA:49,9
DA:50,4
DA:56,4
DA:58,8
DA:59,0
DA:60,0
DA:61,0
DA:62,0
DA:63,0
DA:71,5
DA:73,5
DA:75,4
DA:82,5
DA:87,9
DA:88,4
DA:90,4
DA:92,4
DA:95,1
DA:97,1
DA:98,0
DA:99,2
DA:101,0
DA:102,0
DA:103,0
DA:104,0
DA:106,0
DA:108,1
DA:119,5
DA:123,4
DA:125,8
DA:126,4
DA:127,4
DA:129,4
DA:136,8
DA:139,8
DA:141,4
DA:145,1
DA:150,1
DA:162,4
DA:164,4
DA:165,4
DA:166,1
DA:168,4
DA:170,2
DA:171,3
DA:182,4
DA:184,4
DA:186,8
DA:187,4
DA:188,4
DA:189,3
DA:190,8
DA:194,16
DA:202,4
DA:204,4
DA:209,8
LF:65
LH:52
end_of_record
SF:lib\src\extensions\data_type_ext.dart
DA:10,4
DA:13,4
DA:15,4
DA:17,4
DA:19,4
DA:21,0
DA:30,4
DA:33,0
DA:34,0
DA:37,4
DA:38,4
DA:39,4
DA:40,4
DA:41,4
DA:42,4
DA:43,4
DA:44,4
DA:45,4
DA:46,4
LF:19
LH:16
end_of_record
